<?xml version="1.0" encoding="UTF-8"?>
<testsuite xmlns:xsi="http://www.w3.org/2001/XMLSchema-instance" xsi:noNamespaceSchemaLocation="https://maven.apache.org/surefire/maven-surefire-plugin/xsd/surefire-test-report-3.0.xsd" version="3.0" name="finance.management.FinanceManagerTest" time="0.11" tests="17" errors="0" skipped="0" failures="0">
  <properties>
    <property name="sun.desktop" value="windows"/>
    <property name="awt.toolkit" value="sun.awt.windows.WToolkit"/>
    <property name="java.specification.version" value="11"/>
    <property name="sun.cpu.isalist" value="amd64"/>
    <property name="sun.jnu.encoding" value="Cp1252"/>
    <property name="java.class.path" value="C:\Users\leglon\eclipse-workspace\PersonalFinanceManagementSystem\target\test-classes;C:\Users\leglon\eclipse-workspace\PersonalFinanceManagementSystem\target\classes;C:\Users\leglon\.m2\repository\org\junit\jupiter\junit-jupiter\5.8.1\junit-jupiter-5.8.1.jar;C:\Users\leglon\.m2\repository\org\junit\jupiter\junit-jupiter-api\5.8.1\junit-jupiter-api-5.8.1.jar;C:\Users\leglon\.m2\repository\org\opentest4j\opentest4j\1.2.0\opentest4j-1.2.0.jar;C:\Users\leglon\.m2\repository\org\junit\platform\junit-platform-commons\1.8.1\junit-platform-commons-1.8.1.jar;C:\Users\leglon\.m2\repository\org\apiguardian\apiguardian-api\1.1.2\apiguardian-api-1.1.2.jar;C:\Users\leglon\.m2\repository\org\junit\jupiter\junit-jupiter-params\5.8.1\junit-jupiter-params-5.8.1.jar;C:\Users\leglon\.m2\repository\org\junit\jupiter\junit-jupiter-engine\5.8.1\junit-jupiter-engine-5.8.1.jar;C:\Users\leglon\.m2\repository\org\junit\platform\junit-platform-engine\1.8.1\junit-platform-engine-1.8.1.jar;C:\Users\leglon\.m2\repository\org\pitest\pitest-junit5-plugin\0.15\pitest-junit5-plugin-0.15.jar;"/>
    <property name="java.vm.vendor" value="OpenLogic"/>
    <property name="sun.arch.data.model" value="64"/>
    <property name="user.variant" value=""/>
    <property name="java.vendor.url" value="https://openlogic.com/"/>
    <property name="user.timezone" value="Asia/Calcutta"/>
    <property name="java.vm.specification.version" value="11"/>
    <property name="os.name" value="Windows 10"/>
    <property name="sun.java.launcher" value="SUN_STANDARD"/>
    <property name="user.country" value="US"/>
    <property name="sun.boot.library.path" value="C:\Users\leglon\Desktop\openlogic-openjdk-11.0.25+9-windows-x64\openlogic-openjdk-11.0.25+9-windows-x64\bin"/>
    <property name="sun.java.command" value="C:\Users\leglon\AppData\Local\Temp\surefire4881616368177624883\surefirebooter436166119639917702.jar C:\Users\leglon\AppData\Local\Temp\surefire4881616368177624883 2024-11-23T12-25-44_748-jvmRun1 surefire3929959768045255150tmp surefire_07895220349212788195tmp"/>
    <property name="jdk.debug" value="release"/>
    <property name="surefire.test.class.path" value="C:\Users\leglon\eclipse-workspace\PersonalFinanceManagementSystem\target\test-classes;C:\Users\leglon\eclipse-workspace\PersonalFinanceManagementSystem\target\classes;C:\Users\leglon\.m2\repository\org\junit\jupiter\junit-jupiter\5.8.1\junit-jupiter-5.8.1.jar;C:\Users\leglon\.m2\repository\org\junit\jupiter\junit-jupiter-api\5.8.1\junit-jupiter-api-5.8.1.jar;C:\Users\leglon\.m2\repository\org\opentest4j\opentest4j\1.2.0\opentest4j-1.2.0.jar;C:\Users\leglon\.m2\repository\org\junit\platform\junit-platform-commons\1.8.1\junit-platform-commons-1.8.1.jar;C:\Users\leglon\.m2\repository\org\apiguardian\apiguardian-api\1.1.2\apiguardian-api-1.1.2.jar;C:\Users\leglon\.m2\repository\org\junit\jupiter\junit-jupiter-params\5.8.1\junit-jupiter-params-5.8.1.jar;C:\Users\leglon\.m2\repository\org\junit\jupiter\junit-jupiter-engine\5.8.1\junit-jupiter-engine-5.8.1.jar;C:\Users\leglon\.m2\repository\org\junit\platform\junit-platform-engine\1.8.1\junit-platform-engine-1.8.1.jar;C:\Users\leglon\.m2\repository\org\pitest\pitest-junit5-plugin\0.15\pitest-junit5-plugin-0.15.jar;"/>
    <property name="sun.cpu.endian" value="little"/>
    <property name="user.home" value="C:\Users\leglon"/>
    <property name="user.language" value="en"/>
    <property name="java.specification.vendor" value="Oracle Corporation"/>
    <property name="java.version.date" value="2024-10-15"/>
    <property name="java.home" value="C:\Users\leglon\Desktop\openlogic-openjdk-11.0.25+9-windows-x64\openlogic-openjdk-11.0.25+9-windows-x64"/>
    <property name="file.separator" value="\"/>
    <property name="style.color" value="always"/>
    <property name="basedir" value="C:\Users\leglon\eclipse-workspace\PersonalFinanceManagementSystem"/>
    <property name="java.vm.compressedOopsMode" value="32-bit"/>
    <property name="line.separator" value="&#10;"/>
    <property name="java.specification.name" value="Java Platform API Specification"/>
    <property name="java.vm.specification.vendor" value="Oracle Corporation"/>
    <property name="java.awt.graphicsenv" value="sun.awt.Win32GraphicsEnvironment"/>
    <property name="surefire.real.class.path" value="C:\Users\leglon\AppData\Local\Temp\surefire4881616368177624883\surefirebooter436166119639917702.jar"/>
    <property name="user.script" value=""/>
    <property name="sun.management.compiler" value="HotSpot 64-Bit Tiered Compilers"/>
    <property name="java.runtime.version" value="11.0.25+9-adhoc..jdk11u"/>
    <property name="user.name" value="leglon"/>
    <property name="path.separator" value=";"/>
    <property name="os.version" value="10.0"/>
    <property name="java.runtime.name" value="OpenJDK Runtime Environment"/>
    <property name="file.encoding" value="Cp1252"/>
    <property name="java.vm.name" value="OpenJDK 64-Bit Server VM"/>
    <property name="java.vendor.version" value="OpenLogic-OpenJDK"/>
    <property name="localRepository" value="C:\Users\leglon\.m2\repository"/>
    <property name="java.vendor.url.bug" value="https://techsupport.roguewave.com/"/>
    <property name="java.io.tmpdir" value="C:\Users\leglon\AppData\Local\Temp\"/>
    <property name="java.version" value="11.0.25"/>
    <property name="user.dir" value="C:\Users\leglon\eclipse-workspace\PersonalFinanceManagementSystem"/>
    <property name="os.arch" value="amd64"/>
    <property name="java.vm.specification.name" value="Java Virtual Machine Specification"/>
    <property name="java.awt.printerjob" value="sun.awt.windows.WPrinterJob"/>
    <property name="sun.os.patch.level" value=""/>
    <property name="java.library.path" value="C:\Users\leglon\Desktop\openlogic-openjdk-11.0.25+9-windows-x64\openlogic-openjdk-11.0.25+9-windows-x64\bin;C:\Windows\Sun\Java\bin;C:\Windows\system32;C:\Windows;C:/Users/leglon/Desktop/eclipse-jee-2024-09-R-win32-x86_64/eclipse//plugins/org.eclipse.justj.openjdk.hotspot.jre.full.win32.x86_64_21.0.4.v20240802-1551/jre/bin/server;C:/Users/leglon/Desktop/eclipse-jee-2024-09-R-win32-x86_64/eclipse//plugins/org.eclipse.justj.openjdk.hotspot.jre.full.win32.x86_64_21.0.4.v20240802-1551/jre/bin;C:\Python312\Scripts\;C:\Python312\;C:\Program Files\Common Files\Oracle\Java\javapath;C:\Windows\system32;C:\Windows;C:\Windows\System32\Wbem;C:\Windows\System32\WindowsPowerShell\v1.0\;C:\Windows\System32\OpenSSH\;C:\Program Files\nodejs\;C:\ProgramData\chocolatey\bin;C:\MinGW\bin;C:\Program Files\Git\cmd;C:\Users\leglon\AppData\Local\Microsoft\WindowsApps;C:\Users\leglon\AppData\Roaming\npm;C:\Program Files (x86)\GnuWin32\bin;C:\Users\leglon\AppData\Local\Programs\Microsoft VS Code\bin;C:\Program Files\JetBrains\IntelliJ IDEA 2023.2.8\bin;;C:\Users\leglon\Desktop\eclipse-jee-2024-09-R-win32-x86_64\eclipse;;."/>
    <property name="java.vm.info" value="mixed mode"/>
    <property name="java.vendor" value="OpenLogic"/>
    <property name="java.vm.version" value="11.0.25+9-adhoc..jdk11u"/>
    <property name="java.specification.maintenance.version" value="3"/>
    <property name="sun.io.unicode.encoding" value="UnicodeLittle"/>
    <property name="java.class.version" value="55.0"/>
  </properties>
  <testcase name="testSavingGoalCompletion" classname="finance.management.FinanceManagerTest" time="0.014">
    <system-out><![CDATA[Added $1000.0 to saving goal: Vacation
]]></system-out>
  </testcase>
  <testcase name="testAddExpenseNegative" classname="finance.management.FinanceManagerTest" time="0.006">
    <system-out><![CDATA[Error: Negative expense is not allowed.
]]></system-out>
  </testcase>
  <testcase name="testAddSavingGoal" classname="finance.management.FinanceManagerTest" time="0.01">
    <system-out><![CDATA[Added $200.0 to saving goal: Vacation Fund
Saving Goal: Vacation Fund
Target Amount: $1000.0
Saved Amount: $200.0
Progress: 20.0%
]]></system-out>
  </testcase>
  <testcase name="testBudgetWarnings" classname="finance.management.FinanceManagerTest" time="0.002">
    <system-out><![CDATA[Expense added: $800.0
Warning: You are nearing your budget limit!
Monthly Budget: 1000.0
Current Expenses: 800.0
]]></system-out>
  </testcase>
  <testcase name="testRemainingBudget" classname="finance.management.FinanceManagerTest" time="0.002">
    <system-out><![CDATA[Expense added: $400.0
Monthly Budget: 1000.0
Current Expenses: 400.0
]]></system-out>
  </testcase>
  <testcase name="testNegativeIncomeNotAllowed" classname="finance.management.FinanceManagerTest" time="0.002">
    <system-out><![CDATA[Error: Negative income is not allowed.
]]></system-out>
  </testcase>
  <testcase name="testUpdateBudget" classname="finance.management.FinanceManagerTest" time="0.007">
    <system-out><![CDATA[Updating budget from 1000.0 to 2000.0
Monthly budget updated to: $2000.0
Monthly Budget: 2000.0
Current Expenses: 0.0
]]></system-out>
  </testcase>
  <testcase name="testAddExpense" classname="finance.management.FinanceManagerTest" time="0.014">
    <system-out><![CDATA[Expense added: $500.0
--- Category-wise Expense Report ---
Housing: $500.0
]]></system-out>
  </testcase>
  <testcase name="testRemoveIncome" classname="finance.management.FinanceManagerTest" time="0.005">
    <system-out><![CDATA[Income added to budget: 500.0
Income with description 'Bonus' removed.
]]></system-out>
  </testcase>
  <testcase name="testModifySavingGoal" classname="finance.management.FinanceManagerTest" time="0.004">
    <system-out><![CDATA[Saving goal 'Car' updated with a new target of $2500.0
]]></system-out>
  </testcase>
  <testcase name="testAddZeroIncome" classname="finance.management.FinanceManagerTest" time="0.003">
    <system-out><![CDATA[Income added to budget: 0.0
]]></system-out>
  </testcase>
  <testcase name="testAddIncome" classname="finance.management.FinanceManagerTest" time="0.001">
    <system-out><![CDATA[Income added to budget: 3000.0
--- Monthly Report ---
Total Income: $3000.0
Total Expenses: $0.0
Savings: $3000.0
]]></system-out>
  </testcase>
  <testcase name="testBudgetExceeded" classname="finance.management.FinanceManagerTest" time="0.001">
    <system-out><![CDATA[Expense added: $1200.0
Warning: You are nearing your budget limit!
]]></system-out>
  </testcase>
  <testcase name="testAddSavingsToNonexistentGoal" classname="finance.management.FinanceManagerTest" time="0.002">
    <system-out><![CDATA[Saving goal not found: Nonexistent Goal
]]></system-out>
  </testcase>
  <testcase name="testAddIncomeNegative" classname="finance.management.FinanceManagerTest" time="0.001">
    <system-out><![CDATA[Error: Negative income is not allowed.
]]></system-out>
  </testcase>
  <testcase name="testRemoveExpense" classname="finance.management.FinanceManagerTest" time="0.004">
    <system-out><![CDATA[Expense added: $300.0
Expense with description 'Internet Bill' removed.
]]></system-out>
  </testcase>
  <testcase name="testIntegrationIncomeAndExpenses" classname="finance.management.FinanceManagerTest" time="0.002">
    <system-out><![CDATA[Updating budget from 1000.0 to 2000.0
Monthly budget updated to: $2000.0
Monthly Budget: 2000.0
Current Expenses: 0.0
Budget after update: 2000.0
Income added to budget: 2000.0
Expense added: $500.0
Monthly Budget: 2000.0
Current Expenses: 500.0
]]></system-out>
  </testcase>
</testsuite>